"01.10.2025 02:29:14 - [INFO] - Парсер запущен!"
"01.10.2025 02:29:14 - [INFO] - Аргументы командной строки: Namespace(mode='download', clear_cache=False, output='file')"
"01.10.2025 02:29:14 - [INFO] - Архив был загружен и сохранён: C:\Users\exe_c\Desktop\Coding\parser_yap\downloads\python-3.13-docs-pdf-a4.zip"
"01.10.2025 02:30:07 - [INFO] - Парсер запущен!"
"01.10.2025 02:30:07 - [INFO] - Аргументы командной строки: Namespace(mode='whats-new', clear_cache=False, output='file')"
"01.10.2025 02:30:10 - [INFO] - Файл с результатами был сохранён: C:\Users\exe_c\Desktop\Coding\parser_yap\results\whats-new_2025-10-01_02-30-10.csv"
"01.10.2025 02:30:10 - [INFO] - Парсер завершил работу."
"01.10.2025 02:31:14 - [INFO] - Парсер запущен!"
"01.10.2025 02:31:14 - [INFO] - Аргументы командной строки: Namespace(mode='download', clear_cache=False, output=None)"
"01.10.2025 02:31:15 - [INFO] - Архив был загружен и сохранён: C:\Users\exe_c\Desktop\Coding\parser_yap\downloads\python-3.13-docs-pdf-a4.zip"
"01.10.2025 22:49:57 - [INFO] - Парсер запущен!"
"01.10.2025 22:49:57 - [INFO] - Аргументы командной строки: Namespace(mode='whats-new', clear_cache=False, output=None)"
"01.10.2025 22:50:00 - [INFO] - Парсер завершил работу."
"01.10.2025 22:50:35 - [INFO] - Парсер запущен!"
"01.10.2025 22:50:35 - [INFO] - Аргументы командной строки: Namespace(mode='latest-versions', clear_cache=False, output=None)"
"01.10.2025 22:50:35 - [INFO] - Парсер завершил работу."
"01.10.2025 22:51:09 - [INFO] - Парсер запущен!"
"01.10.2025 22:51:09 - [INFO] - Аргументы командной строки: Namespace(mode='download', clear_cache=False, output=None)"
"01.10.2025 22:51:10 - [INFO] - Архив был загружен и сохранён: D:\Dev\SPRINT_20\parser_yap\downloads\python-3.13-docs-pdf-a4.zip"
"01.10.2025 23:57:31 - [INFO] - Парсер запущен!"
"01.10.2025 23:57:31 - [INFO] - Аргументы командной строки: Namespace(mode='download', clear_cache=False, output=None)"
"01.10.2025 23:57:31 - [INFO] - Архив был загружен и сохранён: D:\Dev\SPRINT_20\parser_yap\downloads\python-3.13-docs-pdf-a4.zip"
"01.10.2025 23:57:31 - [INFO] - Парсер завершил работу."
"01.10.2025 23:57:51 - [INFO] - Парсер запущен!"
"01.10.2025 23:57:51 - [INFO] - Аргументы командной строки: Namespace(mode='download', clear_cache=False, output=None)"
"01.10.2025 23:57:51 - [INFO] - Архив был загружен и сохранён: D:\Dev\SPRINT_20\parser_yap\downloads\python-3.13-docs-pdf-a4.zip"
"01.10.2025 23:57:51 - [INFO] - Парсер завершил работу."
"01.10.2025 23:58:15 - [INFO] - Парсер запущен!"
"01.10.2025 23:58:15 - [INFO] - Аргументы командной строки: Namespace(mode='whats-new', clear_cache=False, output=None)"
"01.10.2025 23:58:18 - [INFO] - Парсер завершил работу."
"01.10.2025 23:58:39 - [INFO] - Парсер запущен!"
"01.10.2025 23:58:39 - [INFO] - Аргументы командной строки: Namespace(mode='latest-versions', clear_cache=False, output=None)"
"01.10.2025 23:58:39 - [INFO] - Парсер завершил работу."
"02.10.2025 00:37:23 - [INFO] - Парсер запущен!"
"02.10.2025 00:37:23 - [INFO] - Аргументы командной строки: Namespace(mode='download', clear_cache=False, output=None)"
"02.10.2025 00:37:23 - [INFO] - Архив был загружен и сохранён: D:\Dev\SPRINT_20\parser_yap\downloads\python-3.13-docs-pdf-a4.zip"
"02.10.2025 00:37:23 - [INFO] - Парсер завершил работу."
"02.10.2025 02:40:34 - [INFO] - Парсер запущен!"
"02.10.2025 02:40:34 - [INFO] - Аргументы командной строки: Namespace(mode='download', clear_cache=False, output=None)"
"02.10.2025 02:40:34 - [INFO] - Архив был загружен и сохранён: D:\Dev\SPRINT_20\parser_yap\downloads\python-3.13-docs-pdf-a4.zip"
"02.10.2025 02:40:34 - [INFO] - Парсер завершил работу."
"02.10.2025 02:40:43 - [INFO] - Парсер запущен!"
"02.10.2025 02:41:11 - [INFO] - Парсер запущен!"
"02.10.2025 02:43:58 - [INFO] - Парсер запущен!"
"02.10.2025 02:43:58 - [INFO] - Аргументы командной строки: Namespace(mode='whats-new', clear_cache=False, output=None)"
"02.10.2025 02:44:01 - [INFO] - Парсер завершил работу."
"02.10.2025 02:44:19 - [INFO] - Парсер запущен!"
"02.10.2025 02:44:19 - [INFO] - Аргументы командной строки: Namespace(mode='latest-versions', clear_cache=False, output=None)"
"02.10.2025 02:44:19 - [INFO] - Парсер завершил работу."
